
EnvironmentLocationNotFound: Not a conda environment: /home/asd/miniconda3/envs/ZooUI-Wayland


EnvironmentLocationNotFound: Not a conda environment: /home/asd/miniconda3/envs/ZooUI-Wayland


EnvironmentLocationNotFound: Not a conda environment: /home/asd/miniconda3/envs/ZooUI-Wayland

QPainter::begin: Paint device returned engine == 0, type: 3
QPainter::end: Painter not active, aborted
QImage::scaled: Image is a null image
QPainter::begin: Paint device returned engine == 0, type: 3
QPainter::end: Painter not active, aborted
QImage::scaled: Image is a null image
QImage::scaled: Image is a null image
QPainter::begin: Paint device returned engine == 0, type: 3
QImage::scaled: Image is a null image
QPainter::end: Painter not active, aborted
QImage::scaled: Image is a null image
QImage::scaled: Image is a null image
QImage::scaled: Image is a null image
QImage::scaled: Image is a null image
QImage::scaled: Image is a null image
QImage::scaled: Image is a null image
QImage::scaled: Image is a null image
QPainter::begin: Paint device returned engine == 0, type: 3
QPainter::end: Painter not active, aborted
QImage::scaled: Image is a null image
QImage::scaled: Image is a null image
QImage::scaled: Image is a null image
QImage::scaled: Image is a null image
QImage::scaled: Image is a null image
QImage::scaled: Image is a null image
QImage::scaled: Image is a null image
QImage::scaled: Image is a null image
QImage::scaled: Image is a null image
QImage::scaled: Image is a null image
QPainter::begin: Paint device returned engine == 0, type: 3
QPainter::end: Painter not active, aborted
QImage::scaled: Image is a null image
QImage::scaled: Image is a null image
QImage::scaled: Image is a null image
QImage::scaled: Image is a null image
QImage::scaled: Image is a null image
QImage::scaled: Image is a null image
QImage::scaled: Image is a null image
QImage::scaled: Image is a null image
QImage::scaled: Image is a null image
<string>:173: (ERROR/3) Unknown interpreted text role "kbd".
<string>:173: (ERROR/3) Unknown interpreted text role "file".
QFSFileEngine::open: No file name specified
QFile::remove: Empty or null file name
